[0701/103848.659:ERROR:process_info.cc(631)] range at 0x80722e1200000000, size 0x186 fully unreadable
[0701/103848.660:ERROR:process_info.cc(631)] range at 0x80722e7800000000, size 0x186 fully unreadable
[0701/103848.660:ERROR:process_info.cc(631)] range at 0x0, size 0x186 fully unreadable
[0701/103848.685:ERROR:process_reader_win.cc(242)] ReadMemory at 0x18680f86f78 of 92 bytes failed: Only part of a ReadProcessMemory or WriteProcessMemory request was completed. (0x12B)
[0701/103848.686:WARNING:pe_image_reader.cc(248)] could not read version info from C:\WINDOWS\System32\COMDLG32.dll
[0701/103848.686:ERROR:process_reader_win.cc(242)] ReadMemory at 0x7fff43160000 of 64 bytes failed: Only part of a ReadProcessMemory or WriteProcessMemory request was completed. (0x12B)
[0701/103848.687:WARNING:pe_image_reader.cc(282)] could not read dos header from C:\WINDOWS\SYSTEM32\dbghelp.dll
[0701/103848.687:ERROR:process_reader_win.cc(242)] ReadMemory at 0x7fff45ab0000 of 64 bytes failed: Only part of a ReadProcessMemory or WriteProcessMemory request was completed. (0x12B)
[0701/103848.687:WARNING:pe_image_reader.cc(282)] could not read dos header from C:\WINDOWS\SYSTEM32\USP10.dll
[0701/103848.687:ERROR:process_reader_win.cc(242)] ReadMemory at 0x7fff521a0000 of 64 bytes failed: Only part of a ReadProcessMemory or WriteProcessMemory request was completed. (0x12B)
[0701/103848.687:WARNING:pe_image_reader.cc(282)] could not read dos header from C:\WINDOWS\SYSTEM32\bcrypt.dll
[0701/103848.687:ERROR:process_reader_win.cc(242)] ReadMemory at 0x7fff45480000 of 64 bytes failed: Only part of a ReadProcessMemory or WriteProcessMemory request was completed. (0x12B)
[0701/103848.687:WARNING:pe_image_reader.cc(282)] could not read dos header from C:\WINDOWS\SYSTEM32\WINSPOOL.DRV
[0701/103848.687:ERROR:process_reader_win.cc(242)] ReadMemory at 0x7fff47f00000 of 64 bytes failed: Only part of a ReadProcessMemory or WriteProcessMemory request was completed. (0x12B)
[0701/103848.687:WARNING:pe_image_reader.cc(282)] could not read dos header from C:\WINDOWS\SYSTEM32\DWrite.dll
[0701/103848.687:ERROR:process_reader_win.cc(242)] ReadMemory at 0x7fff522c0000 of 64 bytes failed: Only part of a ReadProcessMemory or WriteProcessMemory request was completed. (0x12B)
[0701/103848.687:WARNING:pe_image_reader.cc(282)] could not read dos header from C:\WINDOWS\System32\MSASN1.dll
[0701/103848.687:ERROR:process_reader_win.cc(242)] ReadMemory at 0x7fff523a0000 of 64 bytes failed: Only part of a ReadProcessMemory or WriteProcessMemory request was completed. (0x12B)
[0701/103848.687:WARNING:pe_image_reader.cc(282)] could not read dos header from C:\WINDOWS\System32\CRYPT32.dll
[0701/103848.687:ERROR:process_reader_win.cc(242)] ReadMemory at 0x7fff51910000 of 64 bytes failed: Only part of a ReadProcessMemory or WriteProcessMemory request was completed. (0x12B)
[0701/103848.687:WARNING:pe_image_reader.cc(282)] could not read dos header from C:\WINDOWS\SYSTEM32\IPHLPAPI.DLL
[0701/103848.687:ERROR:process_reader_win.cc(242)] ReadMemory at 0x7fff46ec0000 of 64 bytes failed: Only part of a ReadProcessMemory or WriteProcessMemory request was completed. (0x12B)
[0701/103848.687:WARNING:pe_image_reader.cc(282)] could not read dos header from C:\WINDOWS\SYSTEM32\Secur32.dll
[0701/103848.687:ERROR:process_reader_win.cc(242)] ReadMemory at 0x7fff48480000 of 64 bytes failed: Only part of a ReadProcessMemory or WriteProcessMemory request was completed. (0x12B)
[0701/103848.687:WARNING:pe_image_reader.cc(282)] could not read dos header from C:\WINDOWS\SYSTEM32\iertutil.dll
[0701/103848.687:ERROR:process_reader_win.cc(242)] ReadMemory at 0x7fff44370000 of 64 bytes failed: Only part of a ReadProcessMemory or WriteProcessMemory request was completed. (0x12B)
[0701/103848.688:WARNING:pe_image_reader.cc(282)] could not read dos header from C:\WINDOWS\SYSTEM32\urlmon.dll
[0701/103848.688:ERROR:process_reader_win.cc(242)] ReadMemory at 0x7fff53300000 of 64 bytes failed: Only part of a ReadProcessMemory or WriteProcessMemory request was completed. (0x12B)
[0701/103848.688:WARNING:pe_image_reader.cc(282)] could not read dos header from C:\WINDOWS\System32\WINTRUST.dll
[0701/103848.688:ERROR:process_reader_win.cc(242)] ReadMemory at 0x7fff1e3b0000 of 64 bytes failed: Only part of a ReadProcessMemory or WriteProcessMemory request was completed. (0x12B)
[0701/103848.688:WARNING:pe_image_reader.cc(282)] could not read dos header from C:\Program Files (x86)\Google\Chrome\Application\59.0.3071.115\chrome_child.dll
[0701/103848.688:ERROR:process_reader_win.cc(242)] ReadMemory at 0x7ff788190000 of 64 bytes failed: Only part of a ReadProcessMemory or WriteProcessMemory request was completed. (0x12B)
[0701/103848.688:WARNING:pe_image_reader.cc(282)] could not read dos header from C:\Program Files (x86)\Google\Chrome\Application\chrome.exe
[0701/103848.688:ERROR:process_reader_win.cc(242)] ReadMemory at 0x7fff40540000 of 64 bytes failed: Only part of a ReadProcessMemory or WriteProcessMemory request was completed. (0x12B)
[0701/103848.688:WARNING:pe_image_reader.cc(282)] could not read dos header from C:\Program Files\AVAST Software\Avast\x64\aswhooka.dll
[0701/103848.688:ERROR:process_reader_win.cc(242)] ReadMemory at 0x7fff52c50000 of 64 bytes failed: Only part of a ReadProcessMemory or WriteProcessMemory request was completed. (0x12B)
[0701/103848.688:WARNING:pe_image_reader.cc(282)] could not read dos header from C:\WINDOWS\System32\KERNELBASE.dll
[0701/103848.688:ERROR:process_reader_win.cc(242)] ReadMemory at 0x7fff45080000 of 64 bytes failed: Only part of a ReadProcessMemory or WriteProcessMemory request was completed. (0x12B)
[0701/103848.688:WARNING:pe_image_reader.cc(282)] could not read dos header from C:\Program Files\AVAST Software\Avast\snxhk64.dll
[0701/103848.689:ERROR:process_reader_win.cc(242)] ReadMemory at 0x7fff50800000 of 64 bytes failed: Only part of a ReadProcessMemory or WriteProcessMemory request was completed. (0x12B)
[0701/103848.689:WARNING:pe_image_reader.cc(282)] could not read dos header from C:\WINDOWS\system32\apphelp.dll
[0701/103848.689:ERROR:process_reader_win.cc(242)] ReadMemory at 0x7fff45b60000 of 64 bytes failed: Only part of a ReadProcessMemory or WriteProcessMemory request was completed. (0x12B)
[0701/103848.689:WARNING:pe_image_reader.cc(282)] could not read dos header from C:\WINDOWS\AppPatch\AppPatch64\AcGenral.dll
[0701/103848.689:ERROR:process_reader_win.cc(242)] ReadMemory at 0x7fff55b70000 of 64 bytes failed: Only part of a ReadProcessMemory or WriteProcessMemory request was completed. (0x12B)
[0701/103848.689:WARNING:pe_image_reader.cc(282)] could not read dos header from C:\WINDOWS\System32\msvcrt.dll
[0701/103848.689:ERROR:process_reader_win.cc(242)] ReadMemory at 0x7fff548b0000 of 64 bytes failed: Only part of a ReadProcessMemory or WriteProcessMemory request was completed. (0x12B)
[0701/103848.689:WARNING:pe_image_reader.cc(282)] could not read dos header from C:\WINDOWS\System32\RPCRT4.dll
[0701/103848.689:ERROR:process_reader_win.cc(242)] ReadMemory at 0x7fff55c10000 of 64 bytes failed: Only part of a ReadProcessMemory or WriteProcessMemory request was completed. (0x12B)
[0701/103848.689:WARNING:pe_image_reader.cc(282)] could not read dos header from C:\WINDOWS\System32\sechost.dll
[0701/103848.690:ERROR:process_reader_win.cc(242)] ReadMemory at 0x7fff51f30000 of 64 bytes failed: Only part of a ReadProcessMemory or WriteProcessMemory request was completed. (0x12B)
[0701/103848.690:WARNING:pe_image_reader.cc(282)] could not read dos header from C:\WINDOWS\SYSTEM32\SspiCli.dll
[0701/103848.690:ERROR:process_reader_win.cc(242)] ReadMemory at 0x7fff52ee0000 of 64 bytes failed: Only part of a ReadProcessMemory or WriteProcessMemory request was completed. (0x12B)
[0701/103848.690:WARNING:pe_image_reader.cc(282)] could not read dos header from C:\WINDOWS\System32\ucrtbase.dll
[0701/103848.690:ERROR:process_reader_win.cc(242)] ReadMemory at 0x7fff52e70000 of 64 bytes failed: Only part of a ReadProcessMemory or WriteProcessMemory request was completed. (0x12B)
[0701/103848.690:WARNING:pe_image_reader.cc(282)] could not read dos header from C:\WINDOWS\System32\bcryptPrimitives.dll
[0701/103848.690:ERROR:process_reader_win.cc(242)] ReadMemory at 0x7fff54c10000 of 64 bytes failed: Only part of a ReadProcessMemory or WriteProcessMemory request was completed. (0x12B)
[0701/103848.690:WARNING:pe_image_reader.cc(282)] could not read dos header from C:\WINDOWS\System32\combase.dll
[0701/103848.690:ERROR:process_reader_win.cc(242)] ReadMemory at 0x7fff53360000 of 64 bytes failed: Only part of a ReadProcessMemory or WriteProcessMemory request was completed. (0x12B)
[0701/103848.690:WARNING:pe_image_reader.cc(282)] could not read dos header from C:\WINDOWS\System32\win32u.dll
[0701/103848.690:ERROR:process_reader_win.cc(242)] ReadMemory at 0x7fff54ef0000 of 64 bytes failed: Only part of a ReadProcessMemory or WriteProcessMemory request was completed. (0x12B)
[0701/103848.690:WARNING:pe_image_reader.cc(282)] could not read dos header from C:\WINDOWS\System32\USER32.dll
[0701/103848.690:ERROR:process_reader_win.cc(242)] ReadMemory at 0x7fff52fe0000 of 64 bytes failed: Only part of a ReadProcessMemory or WriteProcessMemory request was completed. (0x12B)
[0701/103848.690:WARNING:pe_image_reader.cc(282)] could not read dos header from C:\WINDOWS\System32\gdi32full.dll
[0701/103848.690:ERROR:process_reader_win.cc(242)] ReadMemory at 0x7fff553f0000 of 64 bytes failed: Only part of a ReadProcessMemory or WriteProcessMemory request was completed. (0x12B)
[0701/103848.690:WARNING:pe_image_reader.cc(282)] could not read dos header from C:\WINDOWS\System32\GDI32.dll
[0701/103848.690:ERROR:process_reader_win.cc(242)] ReadMemory at 0x7fff54b20000 of 64 bytes failed: Only part of a ReadProcessMemory or WriteProcessMemory request was completed. (0x12B)
[0701/103848.690:WARNING:pe_image_reader.cc(282)] could not read dos header from C:\WINDOWS\System32\IMM32.DLL
[0701/103848.690:ERROR:process_reader_win.cc(242)] ReadMemory at 0x7fff55390000 of 64 bytes failed: Only part of a ReadProcessMemory or WriteProcessMemory request was completed. (0x12B)
[0701/103848.690:WARNING:pe_image_reader.cc(282)] could not read dos header from C:\WINDOWS\System32\SHLWAPI.dll
[0701/103848.690:ERROR:process_reader_win.cc(242)] ReadMemory at 0x7fff549e0000 of 64 bytes failed: Only part of a ReadProcessMemory or WriteProcessMemory request was completed. (0x12B)
[0701/103848.690:WARNING:pe_image_reader.cc(282)] could not read dos header from C:\WINDOWS\System32\ole32.dll
[0701/103848.690:ERROR:process_reader_win.cc(242)] ReadMemory at 0x7fff53200000 of 64 bytes failed: Only part of a ReadProcessMemory or WriteProcessMemory request was completed. (0x12B)
[0701/103848.690:WARNING:pe_image_reader.cc(282)] could not read dos header from C:\WINDOWS\System32\cfgmgr32.dll
[0701/103848.691:ERROR:process_reader_win.cc(242)] ReadMemory at 0x7fff52260000 of 64 bytes failed: Only part of a ReadProcessMemory or WriteProcessMemory request was completed. (0x12B)
[0701/103848.691:WARNING:pe_image_reader.cc(282)] could not read dos header from C:\WINDOWS\System32\powrprof.dll
[0701/103848.691:ERROR:process_reader_win.cc(242)] ReadMemory at 0x18680820000 of 64 bytes failed: Only part of a ReadProcessMemory or WriteProcessMemory request was completed. (0x12B)
[0701/103848.691:WARNING:pe_image_reader.cc(282)] could not read dos header from C:\WINDOWS\System32\advapi32.dll
[0701/103848.691:ERROR:process_reader_win.cc(242)] ReadMemory at 0x7fff522b0000 of 64 bytes failed: Only part of a ReadProcessMemory or WriteProcessMemory request was completed. (0x12B)
[0701/103848.691:WARNING:pe_image_reader.cc(282)] could not read dos header from C:\WINDOWS\System32\kernel.appcore.dll
[0701/103848.691:ERROR:process_reader_win.cc(242)] ReadMemory at 0x7fff522f0000 of 64 bytes failed: Only part of a ReadProcessMemory or WriteProcessMemory request was completed. (0x12B)
[0701/103848.691:WARNING:pe_image_reader.cc(282)] could not read dos header from C:\WINDOWS\System32\shcore.dll
[0701/103848.691:ERROR:process_reader_win.cc(242)] ReadMemory at 0x7fff522d0000 of 64 bytes failed: Only part of a ReadProcessMemory or WriteProcessMemory request was completed. (0x12B)
[0701/103848.691:WARNING:pe_image_reader.cc(282)] could not read dos header from C:\WINDOWS\System32\profapi.dll
[0701/103848.691:ERROR:process_reader_win.cc(242)] ReadMemory at 0x7fff52570000 of 64 bytes failed: Only part of a ReadProcessMemory or WriteProcessMemory request was completed. (0x12B)
[0701/103848.691:WARNING:pe_image_reader.cc(282)] could not read dos header from C:\WINDOWS\System32\windows.storage.dll
[0701/103848.691:ERROR:process_reader_win.cc(242)] ReadMemory at 0x7fff53380000 of 64 bytes failed: Only part of a ReadProcessMemory or WriteProcessMemory request was completed. (0x12B)
[0701/103848.691:WARNING:pe_image_reader.cc(282)] could not read dos header from C:\WINDOWS\System32\SHELL32.dll
[0701/103848.691:ERROR:process_reader_win.cc(242)] ReadMemory at 0x7fff51a10000 of 64 bytes failed: Only part of a ReadProcessMemory or WriteProcessMemory request was completed. (0x12B)
[0701/103848.691:WARNING:pe_image_reader.cc(282)] could not read dos header from C:\WINDOWS\SYSTEM32\USERENV.dll
[0701/103848.691:ERROR:process_reader_win.cc(242)] ReadMemory at 0x7fff3efd0000 of 64 bytes failed: Only part of a ReadProcessMemory or WriteProcessMemory request was completed. (0x12B)
[0701/103848.691:WARNING:pe_image_reader.cc(282)] could not read dos header from C:\WINDOWS\SYSTEM32\MPR.dll
[0701/103848.691:ERROR:process_reader_win.cc(242)] ReadMemory at 0x7fff434e0000 of 64 bytes failed: Only part of a ReadProcessMemory or WriteProcessMemory request was completed. (0x12B)
[0701/103848.691:WARNING:pe_image_reader.cc(282)] could not read dos header from C:\WINDOWS\SYSTEM32\VERSION.dll
[0701/103848.691:ERROR:process_reader_win.cc(242)] ReadMemory at 0x7fff35670000 of 64 bytes failed: Only part of a ReadProcessMemory or WriteProcessMemory request was completed. (0x12B)
[0701/103848.691:WARNING:pe_image_reader.cc(282)] could not read dos header from C:\Program Files (x86)\Google\Chrome\Application\59.0.3071.115\chrome_elf.dll
[0701/103848.691:ERROR:process_reader_win.cc(242)] ReadMemory at 0x7fff55280000 of 64 bytes failed: Only part of a ReadProcessMemory or WriteProcessMemory request was completed. (0x12B)
[0701/103848.691:WARNING:pe_image_reader.cc(282)] could not read dos header from C:\WINDOWS\System32\PSAPI.DLL
[0701/103848.691:ERROR:process_reader_win.cc(242)] ReadMemory at 0x7fff506b0000 of 64 bytes failed: Only part of a ReadProcessMemory or WriteProcessMemory request was completed. (0x12B)
[0701/103848.691:WARNING:pe_image_reader.cc(282)] could not read dos header from C:\WINDOWS\SYSTEM32\WINMMBASE.dll
[0701/103848.691:ERROR:process_reader_win.cc(242)] ReadMemory at 0x7fff506e0000 of 64 bytes failed: Only part of a ReadProcessMemory or WriteProcessMemory request was completed. (0x12B)
[0701/103848.691:WARNING:pe_image_reader.cc(282)] could not read dos header from C:\WINDOWS\SYSTEM32\WINMM.dll
[0701/103848.692:ERROR:process_reader_win.cc(242)] ReadMemory at 0x7fff4a950000 of 64 bytes failed: Only part of a ReadProcessMemory or WriteProcessMemory request was completed. (0x12B)
[0701/103848.692:WARNING:pe_image_reader.cc(282)] could not read dos header from C:\WINDOWS\SYSTEM32\WINHTTP.dll
[0701/103848.692:ERROR:process_reader_win.cc(242)] ReadMemory at 0x7fff51d50000 of 64 bytes failed: Only part of a ReadProcessMemory or WriteProcessMemory request was completed. (0x12B)
[0701/103848.692:WARNING:pe_image_reader.cc(282)] could not read dos header from C:\WINDOWS\SYSTEM32\CRYPTBASE.DLL
[0701/103848.692:ERROR:process_reader_win.cc(242)] ReadMemory at 0x7fff53160000 of 64 bytes failed: Only part of a ReadProcessMemory or WriteProcessMemory request was completed. (0x12B)
[0701/103848.692:WARNING:pe_image_reader.cc(282)] could not read dos header from C:\WINDOWS\System32\msvcp_win.dll
[0701/103848.692:ERROR:process_reader_win.cc(242)] ReadMemory at 0x7fff54b50000 of 64 bytes failed: Only part of a ReadProcessMemory or WriteProcessMemory request was completed. (0x12B)
[0701/103848.692:WARNING:pe_image_reader.cc(282)] could not read dos header from C:\WINDOWS\System32\OLEAUT32.dll
[0701/103848.692:ERROR:process_reader_win.cc(242)] ReadMemory at 0x7fff479c0000 of 64 bytes failed: Only part of a ReadProcessMemory or WriteProcessMemory request was completed. (0x12B)
[0701/103848.692:WARNING:pe_image_reader.cc(282)] could not read dos header from C:\WINDOWS\SYSTEM32\ninput.dll
[0701/103848.692:ERROR:process_reader_win.cc(242)] ReadMemory at 0x7fff55960000 of 64 bytes failed: Only part of a ReadProcessMemory or WriteProcessMemory request was completed. (0x12B)
[0701/103848.692:WARNING:pe_image_reader.cc(282)] could not read dos header from C:\WINDOWS\System32\WS2_32.dll
[0701/103848.692:ERROR:process_reader_win.cc(242)] ReadMemory at 0x7fff47660000 of 64 bytes failed: Only part of a ReadProcessMemory or WriteProcessMemory request was completed. (0x12B)
[0701/103848.692:WARNING:pe_image_reader.cc(282)] could not read dos header from C:\WINDOWS\WinSxS\amd64_microsoft.windows.common-controls_6595b64144ccf1df_6.0.14393.953_none_42151e83c686086b\COMCTL32.dll
[0701/103848.692:ERROR:process_reader_win.cc(242)] ReadMemory at 0x18680e90000 of 64 bytes failed: Only part of a ReadProcessMemory or WriteProcessMemory request was completed. (0x12B)
[0701/103848.692:WARNING:pe_image_reader.cc(282)] could not read dos header from C:\WINDOWS\System32\COMDLG32.dll
[0701/103848.692:ERROR:process_reader_win.cc(242)] ReadMemory at 0x7fff43160000 of 64 bytes failed: Only part of a ReadProcessMemory or WriteProcessMemory request was completed. (0x12B)
[0701/103848.692:WARNING:pe_image_reader.cc(282)] could not read dos header from C:\WINDOWS\SYSTEM32\dbghelp.dll
[0701/103848.692:ERROR:process_reader_win.cc(242)] ReadMemory at 0x7fff45ab0000 of 64 bytes failed: Only part of a ReadProcessMemory or WriteProcessMemory request was completed. (0x12B)
[0701/103848.692:WARNING:pe_image_reader.cc(282)] could not read dos header from C:\WINDOWS\SYSTEM32\USP10.dll
[0701/103848.692:ERROR:process_reader_win.cc(242)] ReadMemory at 0x7fff521a0000 of 64 bytes failed: Only part of a ReadProcessMemory or WriteProcessMemory request was completed. (0x12B)
[0701/103848.692:WARNING:pe_image_reader.cc(282)] could not read dos header from C:\WINDOWS\SYSTEM32\bcrypt.dll
[0701/103848.692:ERROR:process_reader_win.cc(242)] ReadMemory at 0x7fff45480000 of 64 bytes failed: Only part of a ReadProcessMemory or WriteProcessMemory request was completed. (0x12B)
[0701/103848.692:WARNING:pe_image_reader.cc(282)] could not read dos header from C:\WINDOWS\SYSTEM32\WINSPOOL.DRV
[0701/103848.692:ERROR:process_reader_win.cc(242)] ReadMemory at 0x7fff47f00000 of 64 bytes failed: Only part of a ReadProcessMemory or WriteProcessMemory request was completed. (0x12B)
[0701/103848.692:WARNING:pe_image_reader.cc(282)] could not read dos header from C:\WINDOWS\SYSTEM32\DWrite.dll
[0701/103848.693:ERROR:process_reader_win.cc(242)] ReadMemory at 0x7fff522c0000 of 64 bytes failed: Only part of a ReadProcessMemory or WriteProcessMemory request was completed. (0x12B)
[0701/103848.693:WARNING:pe_image_reader.cc(282)] could not read dos header from C:\WINDOWS\System32\MSASN1.dll
[0701/103848.693:ERROR:process_reader_win.cc(242)] ReadMemory at 0x7fff523a0000 of 64 bytes failed: Only part of a ReadProcessMemory or WriteProcessMemory request was completed. (0x12B)
[0701/103848.693:WARNING:pe_image_reader.cc(282)] could not read dos header from C:\WINDOWS\System32\CRYPT32.dll
[0701/103848.693:ERROR:process_reader_win.cc(242)] ReadMemory at 0x7fff51910000 of 64 bytes failed: Only part of a ReadProcessMemory or WriteProcessMemory request was completed. (0x12B)
[0701/103848.693:WARNING:pe_image_reader.cc(282)] could not read dos header from C:\WINDOWS\SYSTEM32\IPHLPAPI.DLL
[0701/103848.693:ERROR:process_reader_win.cc(242)] ReadMemory at 0x7fff46ec0000 of 64 bytes failed: Only part of a ReadProcessMemory or WriteProcessMemory request was completed. (0x12B)
[0701/103848.693:WARNING:pe_image_reader.cc(282)] could not read dos header from C:\WINDOWS\SYSTEM32\Secur32.dll
[0701/103848.693:ERROR:process_reader_win.cc(242)] ReadMemory at 0x7fff48480000 of 64 bytes failed: Only part of a ReadProcessMemory or WriteProcessMemory request was completed. (0x12B)
[0701/103848.693:WARNING:pe_image_reader.cc(282)] could not read dos header from C:\WINDOWS\SYSTEM32\iertutil.dll
[0701/103848.693:ERROR:process_reader_win.cc(242)] ReadMemory at 0x7fff44370000 of 64 bytes failed: Only part of a ReadProcessMemory or WriteProcessMemory request was completed. (0x12B)
[0701/103848.693:WARNING:pe_image_reader.cc(282)] could not read dos header from C:\WINDOWS\SYSTEM32\urlmon.dll
[0701/103848.693:ERROR:process_reader_win.cc(242)] ReadMemory at 0x7fff53300000 of 64 bytes failed: Only part of a ReadProcessMemory or WriteProcessMemory request was completed. (0x12B)
[0701/103848.693:WARNING:pe_image_reader.cc(282)] could not read dos header from C:\WINDOWS\System32\WINTRUST.dll
[0701/103848.693:ERROR:process_reader_win.cc(242)] ReadMemory at 0x7fff1e3b0000 of 64 bytes failed: Only part of a ReadProcessMemory or WriteProcessMemory request was completed. (0x12B)
[0701/103848.693:WARNING:pe_image_reader.cc(282)] could not read dos header from C:\Program Files (x86)\Google\Chrome\Application\59.0.3071.115\chrome_child.dll
[0701/103848.705:ERROR:process_reader_win.cc(242)] ReadMemory at 0x7ff788190000 of 64 bytes failed: Only part of a ReadProcessMemory or WriteProcessMemory request was completed. (0x12B)
[0701/103848.705:WARNING:pe_image_reader.cc(282)] could not read dos header from C:\Program Files (x86)\Google\Chrome\Application\chrome.exe
[0701/103848.705:ERROR:process_reader_win.cc(242)] ReadMemory at 0x7fff55df0000 of 64 bytes failed: Only part of a ReadProcessMemory or WriteProcessMemory request was completed. (0x12B)
[0701/103848.705:WARNING:pe_image_reader.cc(282)] could not read dos header from C:\WINDOWS\SYSTEM32\ntdll.dll
[0701/103848.705:ERROR:process_reader_win.cc(242)] ReadMemory at 0x7fff40540000 of 64 bytes failed: Only part of a ReadProcessMemory or WriteProcessMemory request was completed. (0x12B)
[0701/103848.705:WARNING:pe_image_reader.cc(282)] could not read dos header from C:\Program Files\AVAST Software\Avast\x64\aswhooka.dll
[0701/103848.705:ERROR:process_reader_win.cc(242)] ReadMemory at 0x7fff52c50000 of 64 bytes failed: Only part of a ReadProcessMemory or WriteProcessMemory request was completed. (0x12B)
[0701/103848.705:WARNING:pe_image_reader.cc(282)] could not read dos header from C:\WINDOWS\System32\KERNELBASE.dll
[0701/103848.705:ERROR:process_reader_win.cc(242)] ReadMemory at 0x7fff55d40000 of 64 bytes failed: Only part of a ReadProcessMemory or WriteProcessMemory request was completed. (0x12B)
[0701/103848.705:WARNING:pe_image_reader.cc(282)] could not read dos header from C:\WINDOWS\System32\KERNEL32.dll
[0701/103848.705:ERROR:process_reader_win.cc(242)] ReadMemory at 0x7fff45080000 of 64 bytes failed: Only part of a ReadProcessMemory or WriteProcessMemory request was completed. (0x12B)
[0701/103848.705:WARNING:pe_image_reader.cc(282)] could not read dos header from C:\Program Files\AVAST Software\Avast\snxhk64.dll
[0701/103848.705:ERROR:process_reader_win.cc(242)] ReadMemory at 0x7fff50800000 of 64 bytes failed: Only part of a ReadProcessMemory or WriteProcessMemory request was completed. (0x12B)
[0701/103848.705:WARNING:pe_image_reader.cc(282)] could not read dos header from C:\WINDOWS\system32\apphelp.dll
[0701/103848.705:ERROR:process_reader_win.cc(242)] ReadMemory at 0x7fff45b60000 of 64 bytes failed: Only part of a ReadProcessMemory or WriteProcessMemory request was completed. (0x12B)
[0701/103848.705:WARNING:pe_image_reader.cc(282)] could not read dos header from C:\WINDOWS\AppPatch\AppPatch64\AcGenral.dll
[0701/103848.705:ERROR:process_reader_win.cc(242)] ReadMemory at 0x7fff55b70000 of 64 bytes failed: Only part of a ReadProcessMemory or WriteProcessMemory request was completed. (0x12B)
[0701/103848.705:WARNING:pe_image_reader.cc(282)] could not read dos header from C:\WINDOWS\System32\msvcrt.dll
[0701/103848.705:ERROR:process_reader_win.cc(242)] ReadMemory at 0x7fff548b0000 of 64 bytes failed: Only part of a ReadProcessMemory or WriteProcessMemory request was completed. (0x12B)
[0701/103848.705:WARNING:pe_image_reader.cc(282)] could not read dos header from C:\WINDOWS\System32\RPCRT4.dll
[0701/103848.705:ERROR:process_reader_win.cc(242)] ReadMemory at 0x7fff55c10000 of 64 bytes failed: Only part of a ReadProcessMemory or WriteProcessMemory request was completed. (0x12B)
[0701/103848.705:WARNING:pe_image_reader.cc(282)] could not read dos header from C:\WINDOWS\System32\sechost.dll
[0701/103848.705:ERROR:process_reader_win.cc(242)] ReadMemory at 0x7fff51f30000 of 64 bytes failed: Only part of a ReadProcessMemory or WriteProcessMemory request was completed. (0x12B)
[0701/103848.705:WARNING:pe_image_reader.cc(282)] could not read dos header from C:\WINDOWS\SYSTEM32\SspiCli.dll
[0701/103848.705:ERROR:process_reader_win.cc(242)] ReadMemory at 0x7fff52ee0000 of 64 bytes failed: Only part of a ReadProcessMemory or WriteProcessMemory request was completed. (0x12B)
[0701/103848.705:WARNING:pe_image_reader.cc(282)] could not read dos header from C:\WINDOWS\System32\ucrtbase.dll
[0701/103848.705:ERROR:process_reader_win.cc(242)] ReadMemory at 0x7fff52e70000 of 64 bytes failed: Only part of a ReadProcessMemory or WriteProcessMemory request was completed. (0x12B)
[0701/103848.705:WARNING:pe_image_reader.cc(282)] could not read dos header from C:\WINDOWS\System32\bcryptPrimitives.dll
[0701/103848.706:ERROR:process_reader_win.cc(242)] ReadMemory at 0x7fff54c10000 of 64 bytes failed: Only part of a ReadProcessMemory or WriteProcessMemory request was completed. (0x12B)
[0701/103848.706:WARNING:pe_image_reader.cc(282)] could not read dos header from C:\WINDOWS\System32\combase.dll
[0701/103848.706:ERROR:process_reader_win.cc(242)] ReadMemory at 0x7fff53360000 of 64 bytes failed: Only part of a ReadProcessMemory or WriteProcessMemory request was completed. (0x12B)
[0701/103848.706:WARNING:pe_image_reader.cc(282)] could not read dos header from C:\WINDOWS\System32\win32u.dll
[0701/103848.706:ERROR:process_reader_win.cc(242)] ReadMemory at 0x7fff54ef0000 of 64 bytes failed: Only part of a ReadProcessMemory or WriteProcessMemory request was completed. (0x12B)
[0701/103848.706:WARNING:pe_image_reader.cc(282)] could not read dos header from C:\WINDOWS\System32\USER32.dll
[0701/103848.706:ERROR:process_reader_win.cc(242)] ReadMemory at 0x7fff52fe0000 of 64 bytes failed: Only part of a ReadProcessMemory or WriteProcessMemory request was completed. (0x12B)
[0701/103848.706:WARNING:pe_image_reader.cc(282)] could not read dos header from C:\WINDOWS\System32\gdi32full.dll
[0701/103848.706:ERROR:process_reader_win.cc(242)] ReadMemory at 0x7fff553f0000 of 64 bytes failed: Only part of a ReadProcessMemory or WriteProcessMemory request was completed. (0x12B)
[0701/103848.706:WARNING:pe_image_reader.cc(282)] could not read dos header from C:\WINDOWS\System32\GDI32.dll
[0701/103848.706:ERROR:process_reader_win.cc(242)] ReadMemory at 0x7fff54b20000 of 64 bytes failed: Only part of a ReadProcessMemory or WriteProcessMemory request was completed. (0x12B)
[0701/103848.706:WARNING:pe_image_reader.cc(282)] could not read dos header from C:\WINDOWS\System32\IMM32.DLL
[0701/103848.706:ERROR:process_reader_win.cc(242)] ReadMemory at 0x7fff55390000 of 64 bytes failed: Only part of a ReadProcessMemory or WriteProcessMemory request was completed. (0x12B)
[0701/103848.706:WARNING:pe_image_reader.cc(282)] could not read dos header from C:\WINDOWS\System32\SHLWAPI.dll
[0701/103848.706:ERROR:process_reader_win.cc(242)] ReadMemory at 0x7fff549e0000 of 64 bytes failed: Only part of a ReadProcessMemory or WriteProcessMemory request was completed. (0x12B)
[0701/103848.706:WARNING:pe_image_reader.cc(282)] could not read dos header from C:\WINDOWS\System32\ole32.dll
[0701/103848.706:ERROR:process_reader_win.cc(242)] ReadMemory at 0x7fff53200000 of 64 bytes failed: Only part of a ReadProcessMemory or WriteProcessMemory request was completed. (0x12B)
[0701/103848.706:WARNING:pe_image_reader.cc(282)] could not read dos header from C:\WINDOWS\System32\cfgmgr32.dll
[0701/103848.706:ERROR:process_reader_win.cc(242)] ReadMemory at 0x7fff52260000 of 64 bytes failed: Only part of a ReadProcessMemory or WriteProcessMemory request was completed. (0x12B)
[0701/103848.706:WARNING:pe_image_reader.cc(282)] could not read dos header from C:\WINDOWS\System32\powrprof.dll
[0701/103848.706:ERROR:process_reader_win.cc(242)] ReadMemory at 0x18680820000 of 64 bytes failed: Only part of a ReadProcessMemory or WriteProcessMemory request was completed. (0x12B)
[0701/103848.706:WARNING:pe_image_reader.cc(282)] could not read dos header from C:\WINDOWS\System32\advapi32.dll
[0701/103848.706:ERROR:process_reader_win.cc(242)] ReadMemory at 0x7fff522b0000 of 64 bytes failed: Only part of a ReadProcessMemory or WriteProcessMemory request was completed. (0x12B)
[0701/103848.706:WARNING:pe_image_reader.cc(282)] could not read dos header from C:\WINDOWS\System32\kernel.appcore.dll
[0701/103848.706:ERROR:process_reader_win.cc(242)] ReadMemory at 0x7fff522f0000 of 64 bytes failed: Only part of a ReadProcessMemory or WriteProcessMemory request was completed. (0x12B)
[0701/103848.706:WARNING:pe_image_reader.cc(282)] could not read dos header from C:\WINDOWS\System32\shcore.dll
[0701/103848.706:ERROR:process_reader_win.cc(242)] ReadMemory at 0x7fff522d0000 of 64 bytes failed: Only part of a ReadProcessMemory or WriteProcessMemory request was completed. (0x12B)
[0701/103848.706:WARNING:pe_image_reader.cc(282)] could not read dos header from C:\WINDOWS\System32\profapi.dll
[0701/103848.706:ERROR:process_reader_win.cc(242)] ReadMemory at 0x7fff52570000 of 64 bytes failed: Only part of a ReadProcessMemory or WriteProcessMemory request was completed. (0x12B)
[0701/103848.706:WARNING:pe_image_reader.cc(282)] could not read dos header from C:\WINDOWS\System32\windows.storage.dll
[0701/103848.707:ERROR:process_reader_win.cc(242)] ReadMemory at 0x7fff53380000 of 64 bytes failed: Only part of a ReadProcessMemory or WriteProcessMemory request was completed. (0x12B)
[0701/103848.707:WARNING:pe_image_reader.cc(282)] could not read dos header from C:\WINDOWS\System32\SHELL32.dll
[0701/103848.707:ERROR:process_reader_win.cc(242)] ReadMemory at 0x7fff51a10000 of 64 bytes failed: Only part of a ReadProcessMemory or WriteProcessMemory request was completed. (0x12B)
[0701/103848.707:WARNING:pe_image_reader.cc(282)] could not read dos header from C:\WINDOWS\SYSTEM32\USERENV.dll
[0701/103848.707:ERROR:process_reader_win.cc(242)] ReadMemory at 0x7fff3efd0000 of 64 bytes failed: Only part of a ReadProcessMemory or WriteProcessMemory request was completed. (0x12B)
[0701/103848.707:WARNING:pe_image_reader.cc(282)] could not read dos header from C:\WINDOWS\SYSTEM32\MPR.dll
[0701/103848.707:ERROR:process_reader_win.cc(242)] ReadMemory at 0x7fff434e0000 of 64 bytes failed: Only part of a ReadProcessMemory or WriteProcessMemory request was completed. (0x12B)
[0701/103848.707:WARNING:pe_image_reader.cc(282)] could not read dos header from C:\WINDOWS\SYSTEM32\VERSION.dll
[0701/103848.707:ERROR:process_reader_win.cc(242)] ReadMemory at 0x7fff35670000 of 64 bytes failed: Only part of a ReadProcessMemory or WriteProcessMemory request was completed. (0x12B)
[0701/103848.707:WARNING:pe_image_reader.cc(282)] could not read dos header from C:\Program Files (x86)\Google\Chrome\Application\59.0.3071.115\chrome_elf.dll
[0701/103848.707:ERROR:process_reader_win.cc(242)] ReadMemory at 0x7fff55280000 of 64 bytes failed: Only part of a ReadProcessMemory or WriteProcessMemory request was completed. (0x12B)
[0701/103848.707:WARNING:pe_image_reader.cc(282)] could not read dos header from C:\WINDOWS\System32\PSAPI.DLL
[0701/103848.707:ERROR:process_reader_win.cc(242)] ReadMemory at 0x7fff506b0000 of 64 bytes failed: Only part of a ReadProcessMemory or WriteProcessMemory request was completed. (0x12B)
[0701/103848.707:WARNING:pe_image_reader.cc(282)] could not read dos header from C:\WINDOWS\SYSTEM32\WINMMBASE.dll
[0701/103848.707:ERROR:process_reader_win.cc(242)] ReadMemory at 0x7fff506e0000 of 64 bytes failed: Only part of a ReadProcessMemory or WriteProcessMemory request was completed. (0x12B)
[0701/103848.707:WARNING:pe_image_reader.cc(282)] could not read dos header from C:\WINDOWS\SYSTEM32\WINMM.dll
[0701/103848.707:ERROR:process_reader_win.cc(242)] ReadMemory at 0x7fff4a950000 of 64 bytes failed: Only part of a ReadProcessMemory or WriteProcessMemory request was completed. (0x12B)
[0701/103848.707:WARNING:pe_image_reader.cc(282)] could not read dos header from C:\WINDOWS\SYSTEM32\WINHTTP.dll
[0701/103848.707:ERROR:process_reader_win.cc(242)] ReadMemory at 0x7fff51d50000 of 64 bytes failed: Only part of a ReadProcessMemory or WriteProcessMemory request was completed. (0x12B)
[0701/103848.707:WARNING:pe_image_reader.cc(282)] could not read dos header from C:\WINDOWS\SYSTEM32\CRYPTBASE.DLL
[0701/103848.707:ERROR:process_reader_win.cc(242)] ReadMemory at 0x7fff53160000 of 64 bytes failed: Only part of a ReadProcessMemory or WriteProcessMemory request was completed. (0x12B)
[0701/103848.707:WARNING:pe_image_reader.cc(282)] could not read dos header from C:\WINDOWS\System32\msvcp_win.dll
[0701/103848.707:ERROR:process_reader_win.cc(242)] ReadMemory at 0x7fff54b50000 of 64 bytes failed: Only part of a ReadProcessMemory or WriteProcessMemory request was completed. (0x12B)
[0701/103848.707:WARNING:pe_image_reader.cc(282)] could not read dos header from C:\WINDOWS\System32\OLEAUT32.dll
[0701/103848.707:ERROR:process_reader_win.cc(242)] ReadMemory at 0x7fff479c0000 of 64 bytes failed: Only part of a ReadProcessMemory or WriteProcessMemory request was completed. (0x12B)
[0701/103848.707:WARNING:pe_image_reader.cc(282)] could not read dos header from C:\WINDOWS\SYSTEM32\ninput.dll
[0701/103848.708:ERROR:process_reader_win.cc(242)] ReadMemory at 0x7fff55960000 of 64 bytes failed: Only part of a ReadProcessMemory or WriteProcessMemory request was completed. (0x12B)
[0701/103848.708:WARNING:pe_image_reader.cc(282)] could not read dos header from C:\WINDOWS\System32\WS2_32.dll
[0701/103848.708:ERROR:process_reader_win.cc(242)] ReadMemory at 0x7fff47660000 of 64 bytes failed: Only part of a ReadProcessMemory or WriteProcessMemory request was completed. (0x12B)
[0701/103848.708:WARNING:pe_image_reader.cc(282)] could not read dos header from C:\WINDOWS\WinSxS\amd64_microsoft.windows.common-controls_6595b64144ccf1df_6.0.14393.953_none_42151e83c686086b\COMCTL32.dll
[0701/103848.708:ERROR:process_reader_win.cc(242)] ReadMemory at 0x18680e90000 of 64 bytes failed: Only part of a ReadProcessMemory or WriteProcessMemory request was completed. (0x12B)
[0701/103848.708:WARNING:pe_image_reader.cc(282)] could not read dos header from C:\WINDOWS\System32\COMDLG32.dll
[0701/103848.708:ERROR:process_reader_win.cc(242)] ReadMemory at 0x7fff43160000 of 64 bytes failed: Only part of a ReadProcessMemory or WriteProcessMemory request was completed. (0x12B)
[0701/103848.708:WARNING:pe_image_reader.cc(282)] could not read dos header from C:\WINDOWS\SYSTEM32\dbghelp.dll
[0701/103848.708:ERROR:process_reader_win.cc(242)] ReadMemory at 0x7fff45ab0000 of 64 bytes failed: Only part of a ReadProcessMemory or WriteProcessMemory request was completed. (0x12B)
[0701/103848.708:WARNING:pe_image_reader.cc(282)] could not read dos header from C:\WINDOWS\SYSTEM32\USP10.dll
[0701/103848.708:ERROR:process_reader_win.cc(242)] ReadMemory at 0x7fff521a0000 of 64 bytes failed: Only part of a ReadProcessMemory or WriteProcessMemory request was completed. (0x12B)
[0701/103848.708:WARNING:pe_image_reader.cc(282)] could not read dos header from C:\WINDOWS\SYSTEM32\bcrypt.dll
[0701/103848.708:ERROR:process_reader_win.cc(242)] ReadMemory at 0x7fff45480000 of 64 bytes failed: Only part of a ReadProcessMemory or WriteProcessMemory request was completed. (0x12B)
[0701/103848.708:WARNING:pe_image_reader.cc(282)] could not read dos header from C:\WINDOWS\SYSTEM32\WINSPOOL.DRV
[0701/103848.708:ERROR:process_reader_win.cc(242)] ReadMemory at 0x7fff47f00000 of 64 bytes failed: Only part of a ReadProcessMemory or WriteProcessMemory request was completed. (0x12B)
[0701/103848.708:WARNING:pe_image_reader.cc(282)] could not read dos header from C:\WINDOWS\SYSTEM32\DWrite.dll
[0701/103848.708:ERROR:process_reader_win.cc(242)] ReadMemory at 0x7fff522c0000 of 64 bytes failed: Only part of a ReadProcessMemory or WriteProcessMemory request was completed. (0x12B)
[0701/103848.708:WARNING:pe_image_reader.cc(282)] could not read dos header from C:\WINDOWS\System32\MSASN1.dll
[0701/103848.708:ERROR:process_reader_win.cc(242)] ReadMemory at 0x7fff523a0000 of 64 bytes failed: Only part of a ReadProcessMemory or WriteProcessMemory request was completed. (0x12B)
[0701/103848.708:WARNING:pe_image_reader.cc(282)] could not read dos header from C:\WINDOWS\System32\CRYPT32.dll
[0701/103848.708:ERROR:process_reader_win.cc(242)] ReadMemory at 0x7fff51910000 of 64 bytes failed: Only part of a ReadProcessMemory or WriteProcessMemory request was completed. (0x12B)
[0701/103848.708:WARNING:pe_image_reader.cc(282)] could not read dos header from C:\WINDOWS\SYSTEM32\IPHLPAPI.DLL
[0701/103848.708:ERROR:process_reader_win.cc(242)] ReadMemory at 0x7fff46ec0000 of 64 bytes failed: Only part of a ReadProcessMemory or WriteProcessMemory request was completed. (0x12B)
[0701/103848.708:WARNING:pe_image_reader.cc(282)] could not read dos header from C:\WINDOWS\SYSTEM32\Secur32.dll
[0701/103848.708:ERROR:process_reader_win.cc(242)] ReadMemory at 0x7fff48480000 of 64 bytes failed: Only part of a ReadProcessMemory or WriteProcessMemory request was completed. (0x12B)
[0701/103848.708:WARNING:pe_image_reader.cc(282)] could not read dos header from C:\WINDOWS\SYSTEM32\iertutil.dll
[0701/103848.708:ERROR:process_reader_win.cc(242)] ReadMemory at 0x7fff44370000 of 64 bytes failed: Only part of a ReadProcessMemory or WriteProcessMemory request was completed. (0x12B)
[0701/103848.708:WARNING:pe_image_reader.cc(282)] could not read dos header from C:\WINDOWS\SYSTEM32\urlmon.dll
[0701/103848.709:ERROR:process_reader_win.cc(242)] ReadMemory at 0x7fff53300000 of 64 bytes failed: Only part of a ReadProcessMemory or WriteProcessMemory request was completed. (0x12B)
[0701/103848.709:WARNING:pe_image_reader.cc(282)] could not read dos header from C:\WINDOWS\System32\WINTRUST.dll
[0701/103848.709:ERROR:process_reader_win.cc(242)] ReadMemory at 0x7fff1e3b0000 of 64 bytes failed: Only part of a ReadProcessMemory or WriteProcessMemory request was completed. (0x12B)
[0701/103848.709:WARNING:pe_image_reader.cc(282)] could not read dos header from C:\Program Files (x86)\Google\Chrome\Application\59.0.3071.115\chrome_child.dll
[0701/103848.724:ERROR:process_reader_win.cc(242)] ReadMemory at 0x4df55ee000 of 73728 bytes failed: Only part of a ReadProcessMemory or WriteProcessMemory request was completed. (0x12B)
[0701/103848.724:ERROR:crash_report_exception_handler.cc(116)] WriteEverything failed
[0701/103848.725:ERROR:scoped_process_suspend.cc(39)] NtResumeProcess: An attempt was made to access an exiting process.  (0xc000010a)
